<?xml version="1.0" encoding="UTF-8"?>
<!-- Generated by org.testng.reporters.JUnitReportReporter -->
<testsuite hostname="DESKTOP-CKI4EMB" failures="0" tests="1" name="day1.A" time="8.180" errors="0" timestamp="2025-07-06T12:26:30 IST" skipped="0">
  <testcase classname="day1.A" name="verifyTitle" time="8.180"/>
  <system-out/>
</testsuite> <!-- day1.A -->
