<?xml version="1.0" encoding="UTF-8"?>
<!-- Generated by org.testng.reporters.JUnitReportReporter -->
<testsuite hostname="DESKTOP-CKI4EMB" failures="0" tests="1" name="day1.B" time="7.176" errors="0" timestamp="2025-07-06T12:46:37 IST" skipped="0">
  <testcase classname="day1.B" name="verifybtn" time="7.176"/>
  <system-out/>
</testsuite> <!-- day1.B -->
